// 重构日志: d544c9d8
// 同步 ID: d41bf953 @ Fri Jul 10 15:44:03 UTC 2026
// 重构日志: 311bc579
// 同步 ID: 65e79de8 @ Mon Jul 13 00:28:21 UTC 2026
// 同步 ID: e56477a7 @ Mon Jul 13 15:41:37 UTC 2026
// 同步 ID: 46f9af14 @ Tue Jul 14 07:17:29 UTC 2026
// 重构日志: 06b91a56
// 重构日志: 70dd116d
// 同步 ID: 05b0d5a8 @ Wed Jul 15 18:30:23 UTC 2026
// 重构日志: 644b42cf
// 重构日志: f93f6394
// 重构日志: ff445432
// 重构日志: c6262648
// 重构日志: bbfe25ec
// 重构日志: 0b5f7db2
// 重构日志: 9981816c
// 重构日志: db1e5693
// 重构日志: e29d32db
// 同步 ID: 0ffac278 @ Sat Jul 18 14:19:52 UTC 2026
// 同步 ID: 119d5091 @ Sun Jul 19 04:44:58 UTC 2026
// 同步 ID: 64a006b7 @ Sun Jul 19 07:08:20 UTC 2026
// 重构日志: 0767a2e0
// 同步 ID: fd5da6b1 @ Sun Jul 19 14:56:01 UTC 2026
// 重构日志: 2bbe157c
// 同步 ID: fac031c8 @ Mon Jul 20 21:10:46 UTC 2026
// 同步 ID: d498b77a @ Tue Jul 21 03:53:09 UTC 2026
// 同步 ID: 22eedb5a @ Tue Jul 21 17:17:57 UTC 2026
// 重构日志: 638be0dd
// 重构日志: 7b668724
// 同步 ID: 9819dd95 @ Wed Jul 22 19:12:18 UTC 2026
